Warning: grid volume is not an integer number of pixels; cell size will be rounded to nearest pixel.
Warning: grid volume is not an integer number of pixels; cell size will be rounded to nearest pixel.
Warning: grid volume is not an integer number of pixels; cell size will be rounded to nearest pixel.
Warning: grid volume is not an integer number of pixels; cell size will be rounded to nearest pixel.
[topsy-cn-1-4:76297] *** Process received signal ***
[topsy-cn-1-4:76297] Signal: Segmentation fault (11)
[topsy-cn-1-4:76297] Signal code: Invalid permissions (2)
[topsy-cn-1-4:76297] Failing at address: 0x7faf8ecd9ec8
[topsy-cn-1-4:76297] [ 0] /lib64/libpthread.so.0(+0xf630)[0x7faf98c69630]
[topsy-cn-1-4:76297] [ 1] /share/apps/openmpi/3.1.2/lib/openmpi/mca_btl_vader.so(+0x434c)[0x7faf79fbb34c]
[topsy-cn-1-4:76297] [ 2] /share/apps/openmpi/3.1.2/lib/libopen-pal.so.40(opal_progress+0x2c)[0x7faf8e94d29c]
[topsy-cn-1-4:76297] [ 3] /share/apps/openmpi/3.1.2/lib/libopen-pal.so.40(ompi_sync_wait_mt+0xb5)[0x7faf8e953f65]
[topsy-cn-1-4:76297] [ 4] /share/apps/openmpi/3.1.2/lib/libmpi.so.40(ompi_request_default_wait_some+0x32c)[0x7faf8ef2440c]
[topsy-cn-1-4:76297] [ 5] /share/apps/openmpi/3.1.2/lib/libmpi.so.40(PMPI_Waitsome+0x106)[0x7faf8ef5e6b6]
[topsy-cn-1-4:76297] [ 6] /share/apps/meep/1.22.0/lib/libmeep.so.27(+0x8caf7)[0x7faf90ed7af7]
[topsy-cn-1-4:76297] [ 7] /share/apps/meep/1.22.0/lib/libmeep.so.27(_ZN4meep6fields15step_boundariesENS_10field_typeE+0x306)[0x7faf90eeca96]
[topsy-cn-1-4:76297] [ 8] /share/apps/meep/1.22.0/lib/libmeep.so.27(_ZN4meep6fields4stepEv+0x1da)[0x7faf90eece6a]
[topsy-cn-1-4:76297] [ 9] /share/apps/meep/1.22.0/lib/python3.9/site-packages/meep/_meep.so(+0x9e14d)[0x7faf9127314d]
[topsy-cn-1-4:76297] [10] /share/apps/python/3.9.5/lib/libpython3.9.so.1.0(+0x100d1f)[0x7faf991add1f]
[topsy-cn-1-4:76297] [11] /share/apps/python/3.9.5/lib/libpython3.9.so.1.0(_PyObject_MakeTpCall+0x9b)[0x7faf9916466b]
[topsy-cn-1-4:76297] [12] /share/apps/python/3.9.5/lib/libpython3.9.so.1.0(_PyEval_EvalFrameDefault+0x9b48)[0x7faf9911f038]
[topsy-cn-1-4:76297] [13] /share/apps/python/3.9.5/lib/libpython3.9.so.1.0(+0x674e8)[0x7faf991144e8]
[topsy-cn-1-4:76297] [14] /share/apps/python/3.9.5/lib/libpython3.9.so.1.0(_PyEval_EvalFrameDefault+0x4ed1)[0x7faf9911a3c1]
[topsy-cn-1-4:76297] [15] /share/apps/python/3.9.5/lib/libpython3.9.so.1.0(+0x1b4416)[0x7faf99261416]
[topsy-cn-1-4:76297] [16] /share/apps/python/3.9.5/lib/libpython3.9.so.1.0(_PyFunction_Vectorcall+0xcb)[0x7faf9916443b]
[topsy-cn-1-4:76297] [17] /share/apps/python/3.9.5/lib/libpython3.9.so.1.0(_PyEval_EvalFrameDefault+0x4ed1)[0x7faf9911a3c1]
[topsy-cn-1-4:76297] [18] /share/apps/python/3.9.5/lib/libpython3.9.so.1.0(+0x1b4416)[0x7faf99261416]
[topsy-cn-1-4:76297] [19] /share/apps/python/3.9.5/lib/libpython3.9.so.1.0(_PyFunction_Vectorcall+0xcb)[0x7faf9916443b]
[topsy-cn-1-4:76297] [20] /share/apps/python/3.9.5/lib/libpython3.9.so.1.0(_PyEval_EvalFrameDefault+0x4ed1)[0x7faf9911a3c1]
[topsy-cn-1-4:76297] [21] /share/apps/python/3.9.5/lib/libpython3.9.so.1.0(+0x1b4416)[0x7faf99261416]
[topsy-cn-1-4:76297] [22] /share/apps/python/3.9.5/lib/libpython3.9.so.1.0(_PyFunction_Vectorcall+0xcb)[0x7faf9916443b]
[topsy-cn-1-4:76297] [23] /share/apps/python/3.9.5/lib/libpython3.9.so.1.0(+0xba719)[0x7faf99167719]
[topsy-cn-1-4:76297] [24] /share/apps/python/3.9.5/lib/libpython3.9.so.1.0(_PyEval_EvalFrameDefault+0x64f7)[0x7faf9911b9e7]
[topsy-cn-1-4:76297] [25] /share/apps/python/3.9.5/lib/libpython3.9.so.1.0(+0x674e8)[0x7faf991144e8]
[topsy-cn-1-4:76297] [26] /share/apps/python/3.9.5/lib/libpython3.9.so.1.0(_PyEval_EvalFrameDefault+0x4ed1)[0x7faf9911a3c1]
[topsy-cn-1-4:76297] [27] /share/apps/python/3.9.5/lib/libpython3.9.so.1.0(+0x674e8)[0x7faf991144e8]
[topsy-cn-1-4:76297] [28] /share/apps/python/3.9.5/lib/libpython3.9.so.1.0(_PyEval_EvalFrameDefault+0x4ed1)[0x7faf9911a3c1]
[topsy-cn-1-4:76297] [29] /share/apps/python/3.9.5/lib/libpython3.9.so.1.0(+0x1b4416)[0x7faf99261416]
[topsy-cn-1-4:76297] *** End of error message ***
srun: error: topsy-cn-1-4: task 8: Segmentation fault
srun: First task exited 60s ago
srun: step:665664.0 tasks 0-7,9-59: running
srun: step:665664.0 task 8: exited abnormally
srun: Terminating job step 665664.0
srun: Job step aborted: Waiting up to 62 seconds for job step to finish.
slurmstepd: error: *** STEP 665664.0 ON topsy-cn-1-4 CANCELLED AT 2022-04-19T00:03:49 ***
srun: error: topsy-cn-1-4: tasks 0-7,9-19: Killed
srun: error: topsy-cn-1-7: tasks 40-59: Killed
srun: error: topsy-cn-1-5: tasks 20-39: Killed
